<?xml version="1.0" encoding="UTF-8"?>
<!-- Generated by org.testng.reporters.JUnitReportReporter -->
<testsuite hostname="MT-31196501H" failures="0" tests="5" name="com.art.runner.CucumberRunner" time="702.085" errors="0" timestamp="2022-06-17T15:24:53 IST" skipped="0">
  <testcase classname="com.art.runner.CucumberRunner" name="runScenario" time="65.297"/>
  <testcase classname="com.art.runner.CucumberRunner" name="runScenario" time="0.351"/>
  <testcase classname="com.art.runner.CucumberRunner" name="runScenario" time="183.748"/>
  <testcase classname="com.art.runner.CucumberRunner" name="runScenario" time="251.395"/>
  <testcase classname="com.art.runner.CucumberRunner" name="runScenario" time="201.294"/>
</testsuite> <!-- com.art.runner.CucumberRunner -->
